Using pre-set license
Built from '2021.1/staging' branch; Version is '2021.1.7f1 (d91830b65d9b) revision 14227504'; Using compiler version '192528614'; Build Type 'Release'
OS: 'Windows 10 Pro; OS build 19044.1586; Version 2009; 64bit' Language: 'nl' Physical Memory: 7998 MB
BatchMode: 1, IsHumanControllingUs: 0, StartBugReporterOnCrash: 0, Is64bit: 1, IsPro: 0

 COMMAND LINE ARGUMENTS:
C:\Program Files\Unity\Hub\Editor\2021.1.7f1\Editor\Unity.exe
-adb2
-batchMode
-noUpm
-name
AssetImportWorker0
-projectPath
C:/Users/mrbos/Documents/school/vrrom/Vroom vroom
-logFile
Logs/AssetImportWorker0.log
-srvPort
51245
Successfully changed project path to: C:/Users/mrbos/Documents/school/vrrom/Vroom vroom
C:/Users/mrbos/Documents/school/vrrom/Vroom vroom
Using Asset Import Pipeline V2.
Refreshing native plugins compatible for Editor in 81.87 ms, found 1 plugins.
Preloading 0 native plugins for Editor in 0.00 ms.
Initialize engine version: 2021.1.7f1 (d91830b65d9b)
[Subsystems] Discovering subsystems at path C:/Program Files/Unity/Hub/Editor/2021.1.7f1/Editor/Data/Resources/UnitySubsystems
[Subsystems] Discovering subsystems at path C:/Users/mrbos/Documents/school/vrrom/Vroom vroom/Assets
GfxDevice: creating device client; threaded=0; jobified=0
Direct3D:
    Version:  Direct3D 11.0 [level 11.1]
    Renderer: AMD Radeon Pro WX3200 Graphics (ID=0x6981)
    Vendor:   ATI
    VRAM:     4076 MB
    Driver:   27.20.21026.6002
Initialize mono
Mono path[0] = 'C:/Program Files/Unity/Hub/Editor/2021.1.7f1/Editor/Data/Managed'
Mono path[1] = 'C:/Program Files/Unity/Hub/Editor/2021.1.7f1/Editor/Data/MonoBleedingEdge/lib/mono/unityjit'
Mono config path = 'C:/Program Files/Unity/Hub/Editor/2021.1.7f1/Editor/Data/MonoBleedingEdge/etc'
Using monoOptions --debugger-agent=transport=dt_socket,embedding=1,server=y,suspend=n,address=127.0.0.1:56516
Begin MonoManager ReloadAssembly
Registering precompiled unity dll's ...
Register platform support module: C:/Program Files/Unity/Hub/Editor/2021.1.7f1/Editor/Data/PlaybackEngines/WindowsStandaloneSupport/UnityEditor.WindowsStandalone.Extensions.dll
Registered in 0.005847 seconds.
Native extension for WindowsStandalone target not found
Refreshing native plugins compatible for Editor in 113.80 ms, found 1 plugins.
Preloading 0 native plugins for Editor in 0.00 ms.
Mono: successfully reloaded assembly
- Completed reload, in  8.440 seconds
Platform modules already initialized, skipping
Registering precompiled user dll's ...
Registered in 0.020795 seconds.
Begin MonoManager ReloadAssembly
Symbol file LoadedFromMemory doesn't match image C:\Users\mrbos\Documents\school\vrrom\Vroom vroom\Library\PackageCache\com.unity.visualscripting@1.6.1\Editor\VisualScripting.Core\Dependencies\YamlDotNet\Unity.VisualScripting.YamlDotNet.dll
Symbol file LoadedFromMemory doesn't match image C:\Users\mrbos\Documents\school\vrrom\Vroom vroom\Library\PackageCache\com.unity.visualscripting@1.6.1\Editor\VisualScripting.Core\Dependencies\DotNetZip\Unity.VisualScripting.IonicZip.dll
Native extension for WindowsStandalone target not found
Refreshing native plugins compatible for Editor in 0.59 ms, found 1 plugins.
Preloading 0 native plugins for Editor in 0.00 ms.
Mono: successfully reloaded assembly
- Completed reload, in  1.605 seconds
Platform modules already initialized, skipping
========================================================================
Worker process is ready to serve import requests
Launched and connected shader compiler UnityShaderCompiler.exe after 0.07 seconds
Refreshing native plugins compatible for Editor in 0.52 ms, found 1 plugins.
Preloading 0 native plugins for Editor in 0.00 ms.
Unloading 2676 Unused Serialized files (Serialized files now loaded: 0)
System memory in use before: 110.4 MB.
System memory in use after: 110.5 MB.

Unloading 14 unused Assets to reduce memory usage. Loaded Objects now: 3147.
Total: 2.221700 ms (FindLiveObjects: 0.216900 ms CreateObjectMapping: 0.111700 ms MarkObjects: 1.816300 ms  DeleteObjects: 0.075800 ms)

========================================================================
Received Import Request.
  path: Assets/Scenes/tutorial.unity
  artifactKey: Guid(4e47ecb97511c8b4895c09d240c077e1) Importer(815301076,1909f56bfc062723c751e8b465ee728b)
Start importing Assets/Scenes/tutorial.unity using Guid(4e47ecb97511c8b4895c09d240c077e1) Importer(815301076,1909f56bfc062723c751e8b465ee728b)  -> (artifact id: '8ad18f8150a260b7bd47f1bce2ec8750') in 0.022556 seconds 
========================================================================
Received Import Request.
  Time since last request: 130.709062 seconds.
  path: Assets/Scenes/Intro.unity
  artifactKey: Guid(86928f8c94cf5be4da26ef10a5195ac5) Importer(815301076,1909f56bfc062723c751e8b465ee728b)
Start importing Assets/Scenes/Intro.unity using Guid(86928f8c94cf5be4da26ef10a5195ac5) Importer(815301076,1909f56bfc062723c751e8b465ee728b)  -> (artifact id: '303eb30ef77025090e220eb7b1e10bac') in 0.020570 seconds 
========================================================================
Received Prepare
Registering precompiled user dll's ...
Registered in 0.003693 seconds.
Begin MonoManager ReloadAssembly
Symbol file LoadedFromMemory doesn't match image C:\Users\mrbos\Documents\school\vrrom\Vroom vroom\Library\PackageCache\com.unity.visualscripting@1.6.1\Editor\VisualScripting.Core\Dependencies\YamlDotNet\Unity.VisualScripting.YamlDotNet.dll
Symbol file LoadedFromMemory doesn't match image C:\Users\mrbos\Documents\school\vrrom\Vroom vroom\Library\PackageCache\com.unity.visualscripting@1.6.1\Editor\VisualScripting.Core\Dependencies\DotNetZip\Unity.VisualScripting.IonicZip.dll
Native extension for WindowsStandalone target not found
Refreshing native plugins compatible for Editor in 0.70 ms, found 1 plugins.
Preloading 0 native plugins for Editor in 0.00 ms.
Mono: successfully reloaded assembly
- Completed reload, in  1.143 seconds
Platform modules already initialized, skipping
Switching build target platform(19) subTarget(0) extendedPlatform(0) -> platform(13) subTarget(537395200) extendedPlatform(0)
Refreshing native plugins compatible for Editor in 0.64 ms, found 1 plugins.
Preloading 0 native plugins for Editor in 0.00 ms.
Unloading 2674 Unused Serialized files (Serialized files now loaded: 0)
System memory in use before: 110.3 MB.
System memory in use after: 110.5 MB.

Unloading 9 unused Assets to reduce memory usage. Loaded Objects now: 3150.
Total: 3.126700 ms (FindLiveObjects: 0.347400 ms CreateObjectMapping: 0.197800 ms MarkObjects: 2.512200 ms  DeleteObjects: 0.067600 ms)

AssetImportParameters requested are different than current active one (requested -> active):
  custom:graphics/normal-map-encoding: 01000000000000000000000000000000 -> 02000000000000000000000000000000
========================================================================
Received Prepare
Refreshing native plugins compatible for Editor in 2.82 ms, found 1 plugins.
Preloading 0 native plugins for Editor in 0.00 ms.
Unloading 7 Unused Serialized files (Serialized files now loaded: 0)
System memory in use before: 57.6 MB.
System memory in use after: 57.8 MB.

Unloading 7 unused Assets to reduce memory usage. Loaded Objects now: 3150.
Total: 2.750400 ms (FindLiveObjects: 0.220000 ms CreateObjectMapping: 0.136800 ms MarkObjects: 2.345200 ms  DeleteObjects: 0.047500 ms)

========================================================================
Received Prepare
Registering precompiled user dll's ...
Registered in 0.004372 seconds.
Begin MonoManager ReloadAssembly
Symbol file LoadedFromMemory doesn't match image C:\Users\mrbos\Documents\school\vrrom\Vroom vroom\Library\PackageCache\com.unity.visualscripting@1.6.1\Editor\VisualScripting.Core\Dependencies\YamlDotNet\Unity.VisualScripting.YamlDotNet.dll
Symbol file LoadedFromMemory doesn't match image C:\Users\mrbos\Documents\school\vrrom\Vroom vroom\Library\PackageCache\com.unity.visualscripting@1.6.1\Editor\VisualScripting.Core\Dependencies\DotNetZip\Unity.VisualScripting.IonicZip.dll
Native extension for WindowsStandalone target not found
Refreshing native plugins compatible for Editor in 0.54 ms, found 1 plugins.
Preloading 0 native plugins for Editor in 0.00 ms.
Mono: successfully reloaded assembly
- Completed reload, in  1.161 seconds
Platform modules already initialized, skipping
Switching build target platform(19) subTarget(0) extendedPlatform(0) -> platform(13) subTarget(589824) extendedPlatform(0)
Refreshing native plugins compatible for Editor in 0.54 ms, found 1 plugins.
Preloading 0 native plugins for Editor in 0.00 ms.
Unloading 2674 Unused Serialized files (Serialized files now loaded: 0)
System memory in use before: 110.3 MB.
System memory in use after: 110.5 MB.

Unloading 9 unused Assets to reduce memory usage. Loaded Objects now: 3153.
Total: 2.793700 ms (FindLiveObjects: 0.344400 ms CreateObjectMapping: 0.203000 ms MarkObjects: 2.179700 ms  DeleteObjects: 0.064900 ms)

AssetImportParameters requested are different than current active one (requested -> active):
  custom:graphics/normal-map-encoding: 01000000000000000000000000000000 -> 02000000000000000000000000000000
========================================================================
Received Import Request.
  Time since last request: 415.009605 seconds.
  path: Assets/am7f3psa0agw-Car-Model/Car-Model/Intro.png
  artifactKey: Guid(984264f2e770ff045bb00a01612f0b76) Importer(815301076,1909f56bfc062723c751e8b465ee728b)
Start importing Assets/am7f3psa0agw-Car-Model/Car-Model/Intro.png using Guid(984264f2e770ff045bb00a01612f0b76) Importer(815301076,1909f56bfc062723c751e8b465ee728b)  -> (artifact id: 'b4b6efecb3ead7120d7d4373b8ca0a2f') in 0.158728 seconds 
========================================================================
Received Prepare
Refreshing native plugins compatible for Editor in 4.09 ms, found 1 plugins.
Preloading 0 native plugins for Editor in 0.00 ms.
Unloading 7 Unused Serialized files (Serialized files now loaded: 0)
System memory in use before: 57.7 MB.
System memory in use after: 57.9 MB.

Unloading 7 unused Assets to reduce memory usage. Loaded Objects now: 3156.
Total: 2.791700 ms (FindLiveObjects: 0.234900 ms CreateObjectMapping: 0.166600 ms MarkObjects: 2.309300 ms  DeleteObjects: 0.080200 ms)

========================================================================
Received Import Request.
  Time since last request: 178.235302 seconds.
  path: Assets/Scenes/lose.unity
  artifactKey: Guid(3213733d016b44c4fa68b9525db0b43a) Importer(815301076,1909f56bfc062723c751e8b465ee728b)
Start importing Assets/Scenes/lose.unity using Guid(3213733d016b44c4fa68b9525db0b43a) Importer(815301076,1909f56bfc062723c751e8b465ee728b)  -> (artifact id: '9e72ffbde51746c7f32559f79a5803f8') in 0.020613 seconds 
========================================================================
Received Import Request.
  Time since last request: 8.751321 seconds.
  path: Assets/Scenes/Main.unity
  artifactKey: Guid(265a0575eeb4f0846b92bb5ad2296d4d) Importer(815301076,1909f56bfc062723c751e8b465ee728b)
Start importing Assets/Scenes/Main.unity using Guid(265a0575eeb4f0846b92bb5ad2296d4d) Importer(815301076,1909f56bfc062723c751e8b465ee728b)  -> (artifact id: '0ec1fa5382fee5d1fac37413152df2da') in 0.021512 seconds 
========================================================================
Received Import Request.
  Time since last request: 2.250051 seconds.
  path: Assets/Scenes/tutorial.unity
  artifactKey: Guid(4e47ecb97511c8b4895c09d240c077e1) Importer(815301076,1909f56bfc062723c751e8b465ee728b)
Start importing Assets/Scenes/tutorial.unity using Guid(4e47ecb97511c8b4895c09d240c077e1) Importer(815301076,1909f56bfc062723c751e8b465ee728b)  -> (artifact id: 'efd18cbad0f29aa1b8207102bf5e2f96') in 0.019764 seconds 
========================================================================
Received Import Request.
  Time since last request: 10.214237 seconds.
  path: Assets/Scenes/win.unity
  artifactKey: Guid(44bc51911c1ceec4681fa1ae790b57bb) Importer(815301076,1909f56bfc062723c751e8b465ee728b)
Start importing Assets/Scenes/win.unity using Guid(44bc51911c1ceec4681fa1ae790b57bb) Importer(815301076,1909f56bfc062723c751e8b465ee728b)  -> (artifact id: '36c783486bd5c9e037b0d93f9043c132') in 0.024160 seconds 
========================================================================
Received Prepare
Refreshing native plugins compatible for Editor in 3.22 ms, found 1 plugins.
Preloading 0 native plugins for Editor in 0.00 ms.
Unloading 7 Unused Serialized files (Serialized files now loaded: 0)
System memory in use before: 57.7 MB.
System memory in use after: 58.0 MB.

Unloading 7 unused Assets to reduce memory usage. Loaded Objects now: 3156.
Total: 3.510300 ms (FindLiveObjects: 0.265400 ms CreateObjectMapping: 0.149400 ms MarkObjects: 3.041300 ms  DeleteObjects: 0.052900 ms)

========================================================================
Received Import Request.
  Time since last request: 94.301717 seconds.
  path: Assets/Scenes/Intro.unity
  artifactKey: Guid(86928f8c94cf5be4da26ef10a5195ac5) Importer(815301076,1909f56bfc062723c751e8b465ee728b)
Start importing Assets/Scenes/Intro.unity using Guid(86928f8c94cf5be4da26ef10a5195ac5) Importer(815301076,1909f56bfc062723c751e8b465ee728b)  -> (artifact id: '0ccf6c0ed1203016cf03bab97495822d') in 0.020096 seconds 
========================================================================
Received Prepare
Registering precompiled user dll's ...
Registered in 0.007157 seconds.
Begin MonoManager ReloadAssembly
Symbol file LoadedFromMemory doesn't match image C:\Users\mrbos\Documents\school\vrrom\Vroom vroom\Library\PackageCache\com.unity.visualscripting@1.6.1\Editor\VisualScripting.Core\Dependencies\YamlDotNet\Unity.VisualScripting.YamlDotNet.dll
Symbol file LoadedFromMemory doesn't match image C:\Users\mrbos\Documents\school\vrrom\Vroom vroom\Library\PackageCache\com.unity.visualscripting@1.6.1\Editor\VisualScripting.Core\Dependencies\DotNetZip\Unity.VisualScripting.IonicZip.dll
Native extension for WindowsStandalone target not found
Refreshing native plugins compatible for Editor in 0.94 ms, found 1 plugins.
Preloading 0 native plugins for Editor in 0.00 ms.
Mono: successfully reloaded assembly
- Completed reload, in  1.828 seconds
Platform modules already initialized, skipping
Switching build target platform(19) subTarget(0) extendedPlatform(0) -> platform(13) subTarget(589824) extendedPlatform(0)
Refreshing native plugins compatible for Editor in 0.88 ms, found 1 plugins.
Preloading 0 native plugins for Editor in 0.00 ms.
Unloading 2675 Unused Serialized files (Serialized files now loaded: 0)
System memory in use before: 112.2 MB.
System memory in use after: 112.4 MB.

Unloading 9 unused Assets to reduce memory usage. Loaded Objects now: 3173.
Total: 4.673100 ms (FindLiveObjects: 0.409600 ms CreateObjectMapping: 0.234900 ms MarkObjects: 3.834700 ms  DeleteObjects: 0.190900 ms)

AssetImportParameters requested are different than current active one (requested -> active):
  custom:graphics/normal-map-encoding: 01000000000000000000000000000000 -> 02000000000000000000000000000000
========================================================================
Received Import Request.
  Time since last request: 218.299764 seconds.
  path: Assets/Scenes/lose.unity
  artifactKey: Guid(3213733d016b44c4fa68b9525db0b43a) Importer(815301076,1909f56bfc062723c751e8b465ee728b)
Start importing Assets/Scenes/lose.unity using Guid(3213733d016b44c4fa68b9525db0b43a) Importer(815301076,1909f56bfc062723c751e8b465ee728b)  -> (artifact id: '4464f796047da1477b5ba97319bf0e54') in 0.036751 seconds 
========================================================================
Received Prepare
Registering precompiled user dll's ...
Registered in 0.005783 seconds.
Begin MonoManager ReloadAssembly
Symbol file LoadedFromMemory doesn't match image C:\Users\mrbos\Documents\school\vrrom\Vroom vroom\Library\PackageCache\com.unity.visualscripting@1.6.1\Editor\VisualScripting.Core\Dependencies\YamlDotNet\Unity.VisualScripting.YamlDotNet.dll
Symbol file LoadedFromMemory doesn't match image C:\Users\mrbos\Documents\school\vrrom\Vroom vroom\Library\PackageCache\com.unity.visualscripting@1.6.1\Editor\VisualScripting.Core\Dependencies\DotNetZip\Unity.VisualScripting.IonicZip.dll
Native extension for WindowsStandalone target not found
Refreshing native plugins compatible for Editor in 0.73 ms, found 1 plugins.
Preloading 0 native plugins for Editor in 0.00 ms.
Mono: successfully reloaded assembly
- Completed reload, in  1.470 seconds
Platform modules already initialized, skipping
Switching build target platform(19) subTarget(0) extendedPlatform(0) -> platform(13) subTarget(589824) extendedPlatform(0)
Refreshing native plugins compatible for Editor in 1.59 ms, found 1 plugins.
Preloading 0 native plugins for Editor in 0.00 ms.
Unloading 2674 Unused Serialized files (Serialized files now loaded: 0)
System memory in use before: 112.2 MB.
System memory in use after: 112.4 MB.

Unloading 9 unused Assets to reduce memory usage. Loaded Objects now: 3176.
Total: 3.503700 ms (FindLiveObjects: 0.266300 ms CreateObjectMapping: 0.173500 ms MarkObjects: 2.996600 ms  DeleteObjects: 0.065600 ms)

AssetImportParameters requested are different than current active one (requested -> active):
  custom:graphics/normal-map-encoding: 01000000000000000000000000000000 -> 02000000000000000000000000000000
========================================================================
Received Import Request.
  Time since last request: 8.756544 seconds.
  path: Assets/Scenes/win.unity
  artifactKey: Guid(44bc51911c1ceec4681fa1ae790b57bb) Importer(815301076,1909f56bfc062723c751e8b465ee728b)
Start importing Assets/Scenes/win.unity using Guid(44bc51911c1ceec4681fa1ae790b57bb) Importer(815301076,1909f56bfc062723c751e8b465ee728b)  -> (artifact id: '2b78babe760d04e331cb86f9bc5a4f53') in 0.031675 seconds 
========================================================================
Received Import Request.
  Time since last request: 9.570047 seconds.
  path: Assets/Scenes/tutorial.unity
  artifactKey: Guid(4e47ecb97511c8b4895c09d240c077e1) Importer(815301076,1909f56bfc062723c751e8b465ee728b)
Start importing Assets/Scenes/tutorial.unity using Guid(4e47ecb97511c8b4895c09d240c077e1) Importer(815301076,1909f56bfc062723c751e8b465ee728b)  -> (artifact id: '936e4c8fc51241b427225752dd11e18a') in 0.018050 seconds 
========================================================================
Received Prepare
Refreshing native plugins compatible for Editor in 8.06 ms, found 1 plugins.
Preloading 0 native plugins for Editor in 0.00 ms.
Unloading 7 Unused Serialized files (Serialized files now loaded: 0)
System memory in use before: 59.5 MB.
System memory in use after: 59.7 MB.

Unloading 7 unused Assets to reduce memory usage. Loaded Objects now: 3176.
Total: 3.282600 ms (FindLiveObjects: 0.269100 ms CreateObjectMapping: 0.168400 ms MarkObjects: 2.788600 ms  DeleteObjects: 0.055200 ms)

========================================================================
Received Prepare
Refreshing native plugins compatible for Editor in 5.75 ms, found 1 plugins.
Preloading 0 native plugins for Editor in 0.00 ms.
Unloading 7 Unused Serialized files (Serialized files now loaded: 0)
System memory in use before: 59.5 MB.
System memory in use after: 59.7 MB.

Unloading 7 unused Assets to reduce memory usage. Loaded Objects now: 3176.
Total: 4.645100 ms (FindLiveObjects: 0.276900 ms CreateObjectMapping: 0.157300 ms MarkObjects: 4.084000 ms  DeleteObjects: 0.125500 ms)

========================================================================
Received Prepare
Refreshing native plugins compatible for Editor in 2.62 ms, found 1 plugins.
Preloading 0 native plugins for Editor in 0.00 ms.
Unloading 7 Unused Serialized files (Serialized files now loaded: 0)
System memory in use before: 59.5 MB.
System memory in use after: 59.7 MB.

Unloading 7 unused Assets to reduce memory usage. Loaded Objects now: 3176.
Total: 3.384200 ms (FindLiveObjects: 0.277300 ms CreateObjectMapping: 0.156000 ms MarkObjects: 2.891800 ms  DeleteObjects: 0.057200 ms)

AssetImportWorkerClient::OnTransportError - code=2 error=End of file
